0 info it worked if it ends with ok
1 verbose cli [ 'node', '/usr/local/bin/npm', 'publish', '.' ]
2 info using npm@1.4.28
3 info using node@v0.10.32
4 verbose publish [ '.' ]
5 verbose cache add [ '.', null ]
6 verbose cache add name=undefined spec="." args=[".",null]
7 verbose parsed url { protocol: null,
7 verbose parsed url   slashes: null,
7 verbose parsed url   auth: null,
7 verbose parsed url   host: null,
7 verbose parsed url   port: null,
7 verbose parsed url   hostname: null,
7 verbose parsed url   hash: null,
7 verbose parsed url   search: null,
7 verbose parsed url   query: null,
7 verbose parsed url   pathname: '.',
7 verbose parsed url   path: '.',
7 verbose parsed url   href: '.' }
8 silly lockFile 3a52ce78- .
9 verbose lock . /Users/Michael/.npm/3a52ce78-.lock
10 verbose tar pack [ '/Users/Michael/.npm/cordova-plugin-auth-dialog/0.1.1/package.tgz',
10 verbose tar pack   '.' ]
11 verbose tarball /Users/Michael/.npm/cordova-plugin-auth-dialog/0.1.1/package.tgz
12 verbose folder .
13 info prepublish cordova-plugin-auth-dialog@0.1.1
14 silly lockFile 1f1177db-tar tar://.
15 verbose lock tar://. /Users/Michael/.npm/1f1177db-tar.lock
16 silly lockFile 5f5b8d4d-in-auth-dialog-0-1-1-package-tgz tar:///Users/Michael/.npm/cordova-plugin-auth-dialog/0.1.1/package.tgz
17 verbose lock tar:///Users/Michael/.npm/cordova-plugin-auth-dialog/0.1.1/package.tgz /Users/Michael/.npm/5f5b8d4d-in-auth-dialog-0-1-1-package-tgz.lock
18 silly lockFile 1f1177db-tar tar://.
19 silly lockFile 1f1177db-tar tar://.
20 silly lockFile 5f5b8d4d-in-auth-dialog-0-1-1-package-tgz tar:///Users/Michael/.npm/cordova-plugin-auth-dialog/0.1.1/package.tgz
21 silly lockFile 5f5b8d4d-in-auth-dialog-0-1-1-package-tgz tar:///Users/Michael/.npm/cordova-plugin-auth-dialog/0.1.1/package.tgz
22 silly lockFile 9d112188-plugin-auth-dialog-0-1-1-package /Users/Michael/.npm/cordova-plugin-auth-dialog/0.1.1/package
23 verbose lock /Users/Michael/.npm/cordova-plugin-auth-dialog/0.1.1/package /Users/Michael/.npm/9d112188-plugin-auth-dialog-0-1-1-package.lock
24 silly lockFile 9d112188-plugin-auth-dialog-0-1-1-package /Users/Michael/.npm/cordova-plugin-auth-dialog/0.1.1/package
25 silly lockFile 9d112188-plugin-auth-dialog-0-1-1-package /Users/Michael/.npm/cordova-plugin-auth-dialog/0.1.1/package
26 silly lockFile 3a52ce78- .
27 silly lockFile 3a52ce78- .
28 silly publish { name: 'cordova-plugin-auth-dialog',
28 silly publish   version: '0.1.1',
28 silly publish   description: 'Adds support for authentication dialogs into Apache Cordova.',
28 silly publish   cordova: { id: 'cordova-plugin-auth-dialog', platforms: [ 'ios' ] },
28 silly publish   repository:
28 silly publish    { type: 'git',
28 silly publish      url: 'https://github.com/michael79bxl/cordova-plugin-auth-dialog.git' },
28 silly publish   keywords:
28 silly publish    [ 'cordova',
28 silly publish      'auth',
28 silly publish      'dialog',
28 silly publish      'basic',
28 silly publish      'digest',
28 silly publish      'ntml',
28 silly publish      'inappbrowser',
28 silly publish      'ecosystem:cordova',
28 silly publish      'cordova-ios' ],
28 silly publish   peerDependencies: {},
28 silly publish   author: { name: 'Michael Barchy, Microsoft Open Technologies' },
28 silly publish   license: 'BSD-Like',
28 silly publish   readme: 'Apache Cordova Auth Dialog\n=============================\nAdds support for authentication dialogs into Apache Cordova (Phonegap build support added)\n\n####Supported Platforms####\n\n- Android\n- iOS\n- Windows (includes Windows Phone 8.1)\n- Windows Phone 8.0\n\n####Supported Authentication Methods####\n\n- Basic\n- Digest\n- NTLM\n \n##Platform quirks##\n\n####Android####\n\n**Pending the following PR to be merged and released to have this working**:\nhttps://github.com/apache/cordova-android/pull/143\n\nNo additional set up is required. Implementation is based on providing custom handler for [WebViewClient.onReceivedHttpAuthRequest](http://developer.android.com/reference/android/webkit/WebViewClient.html#onReceivedHttpAuthRequest(android.webkit.WebView, android.webkit.HttpAuthHandler, java.lang.String, java.lang.String)) which is automatically triggered when it is necessary during navigation or sending XmlHttpRequests.\n\nCredentials are NOT persisted between app sessions so you need to enter them once per application start.\n\nInAppBrowser plugin is NOT currently supported.\n\n####iOS####\n\nRequires manually executing the following method before accessing protected space (navigation or XmlHttpRequests).\n\n```authDialog.authenticate(uri, /*optional*/ successCallback, /*optional*/ errorCallback,  /*optional*/ userName,  /*optional*/ password,  /*optional*/ maxAttempts)```\n\nCredentials are automatically cached by UIWebView so you do NOT need to enter them every app start. In this case ```authDialog.authenticate``` is executed w/o showing any credentials pop-up dialog.\n\nAfter authentication is you can do XmlHttpRequests or display protected space via ```window.location = \'some protected uri\' ``` or using InAppBrowser plugin.\n\n####Windows####\n\nOn Windows Tablet/PC (Windows 8.0 and Windows 8.1) native authentication dialog works out of the box so this functionality is not required (skipped).\n\nOn Windows Phone 8.1 authentication dialog is automatically showed for XmlHttpRequests only, InAppBrowser plugin is NOT currently supported.\n\nPlugin overrides default XmlHttpRequest via custom wrapper based on original one to automatically show credentials dialog when it is necessary. Credentials dialog is html based and does not support hardware back button.\n\nCredentials are NOT persisted between app sessions so you need to enter them once per application start.\n\n####Window Phone 8.0####\n\nPlugins supports XmlHttpRequests and opening protected space in Cordova View. InAppBrowser plugin is NOT currently supported.\n\nPlugin overrides default XmlHttpRequest via custom wrapper based on original one to automatically show credentials dialog when it is necessary. Credentials dialog is XAML-based (native) and correctly supports hardware back button.\n\nCredentials are NOT persisted between app sessions so you need to enter them once per application start.\n\nThere is a known issue with XmlHttpRequest to secured sites: When request receives a response with status 401 and "WWW-Authenticate" header, the whole Javascript layer freezes. This makes this plugin and XHR unusable for accessing resources that requires authentication on WP8 devices. However WP8.1 is not affected by this issue.\n\n## Copyrights ##\nCopyright (c) Microsoft Open Technologies, Inc. All rights reserved.\n\nLicensed under the Apache License, Version 2.0 (the "License"); you may not use these files except in compliance with the License. You may obtain a copy of the License at\n\nhttp://www.apache.org/licenses/LICENSE-2.0\n\nUnless required by applicable law or agreed to in writing, software distributed under the License is distributed on an "AS IS" BASIS, WITHOUT WARRANTIES OR CONDITIONS OF ANY KIND, either express or implied. See the License for the specific language governing permissions and limitations under the License.\n',
28 silly publish   readmeFilename: 'README.md',
28 silly publish   gitHead: 'b76d0ccd77ff3f5879851ba0081b720ba3c01494',
28 silly publish   bugs: { url: 'https://github.com/michael79bxl/cordova-plugin-auth-dialog/issues' },
28 silly publish   homepage: 'https://github.com/michael79bxl/cordova-plugin-auth-dialog',
28 silly publish   _id: 'cordova-plugin-auth-dialog@0.1.1',
28 silly publish   scripts: {},
28 silly publish   _shasum: '68f25d025af5a32e0681add847a8b72bc6b4089f',
28 silly publish   _from: '.' }
29 error need auth auth and email required for publishing
29 error need auth You need to authorize this machine using `npm adduser`
30 error System Darwin 15.0.0
31 error command "node" "/usr/local/bin/npm" "publish" "."
32 error cwd /Users/Michael/Documents/Projets/cordova-plugin-auth-dialog
33 error node -v v0.10.32
34 error npm -v 1.4.28
35 error code ENEEDAUTH
36 verbose exit [ 1, true ]
